<?xml version="1.0" encoding="UTF-8"?>
<!-- Generated by org.testng.reporters.JUnitXMLReporter -->
<testsuite ignored="11" hostname="WBOX62" failures="0" tests="5" name="Test-4" time="61.458" errors="0" timestamp="2024-02-20T18:22:02 IST">
  <testcase classname="SSIAgroworlds.BDMPage" name="bdmlogin" time="4.543"/>
  <testcase classname="SSIAgroworlds.BDMPage" name="Addendum" time="7.523"/>
  <testcase classname="SSIAgroworlds.TraderPage" name="traderlogin" time="1.565"/>
  <testcase classname="SSIAgroworlds.TraderPage" name="CreateAddendum" time="24.904"/>
  <testcase classname="SSIAgroworlds.TraderPage" name="AddendumDeatailsFilled" time="15.603"/>
  <testcase classname="SSIAgroworlds.BDMPage" name="addendumTradeApprove" time="0.0">
    <ignored/>
  </testcase> <!-- addendumTradeApprove -->
  <testcase classname="SSIAgroworlds.TraderPage" name="shipmentDetails" time="0.0">
    <ignored/>
  </testcase> <!-- shipmentDetails -->
  <testcase classname="SSIAgroworlds.TraderPage" name="sendReviewTrade" time="0.0">
    <ignored/>
  </testcase> <!-- sendReviewTrade -->
  <testcase classname="SSIAgroworlds.TraderPage" name="productDetails" time="0.0">
    <ignored/>
  </testcase> <!-- productDetails -->
  <testcase classname="SSIAgroworlds.BDMPage" name="bdmApprove" time="0.0">
    <ignored/>
  </testcase> <!-- bdmApprove -->
  <testcase classname="SSIAgroworlds.TraderPage" name="sellerDetails" time="0.0">
    <ignored/>
  </testcase> <!-- sellerDetails -->
  <testcase classname="SSIAgroworlds.TraderPage" name="homepage" time="0.0">
    <ignored/>
  </testcase> <!-- homepage -->
  <testcase classname="SSIAgroworlds.TraderPage" name="buyerDetails" time="0.0">
    <ignored/>
  </testcase> <!-- buyerDetails -->
  <testcase classname="SSIAgroworlds.BDMPage" name="sellerApprove" time="0.0">
    <ignored/>
  </testcase> <!-- sellerApprove -->
  <testcase classname="SSIAgroworlds.TraderPage" name="TradeDetails" time="0.0">
    <ignored/>
  </testcase> <!-- TradeDetails -->
  <testcase classname="SSIAgroworlds.BDMPage" name="buyerApprove" time="0.0">
    <ignored/>
  </testcase> <!-- buyerApprove -->
</testsuite> <!-- Test-4 -->
