<?xml version="1.0" encoding="UTF-8"?>
<!-- Generated by org.testng.reporters.JUnitXMLReporter -->
<testsuite ignored="5" hostname="WBOX62" failures="0" tests="14" name="Test-3" time="130.626" errors="0" timestamp="2024-02-20T18:21:00 IST">
  <testcase classname="SSIAgroworlds.TraderPage" name="traderlogin" time="3.17"/>
  <testcase classname="SSIAgroworlds.TraderPage" name="homepage" time="7.477"/>
  <testcase classname="SSIAgroworlds.TraderPage" name="TradeDetails" time="0.935"/>
  <testcase classname="SSIAgroworlds.TraderPage" name="shipmentDetails" time="1.292"/>
  <testcase classname="SSIAgroworlds.TraderPage" name="productDetails" time="10.22"/>
  <testcase classname="SSIAgroworlds.TraderPage" name="sellerDetails" time="3.095"/>
  <testcase classname="SSIAgroworlds.TraderPage" name="buyerDetails" time="8.049"/>
  <testcase classname="SSIAgroworlds.TraderPage" name="sendReviewTrade" time="0.981"/>
  <testcase classname="SSIAgroworlds.BDMPage" name="bdmlogin" time="4.669"/>
  <testcase classname="SSIAgroworlds.BDMPage" name="bdmApprove" time="11.116"/>
  <testcase classname="SSIAgroworlds.BDMPage" name="sellerApprove" time="22.223"/>
  <testcase classname="SSIAgroworlds.BDMPage" name="buyerApprove" time="19.916"/>
  <testcase classname="SSIAgroworlds.ProcurementIRMPage" name="procIRMlogin" time="4.776"/>
  <testcase classname="SSIAgroworlds.ProcurementIRMPage" name="procurementApprove" time="19.861"/>
  <testcase classname="SSIAgroworlds.ProcurementIRMPage" name="addendumProcurementApprove" time="0.0">
    <ignored/>
  </testcase> <!-- addendumProcurementApprove -->
  <testcase classname="SSIAgroworlds.TraderPage" name="CreateAddendum" time="0.0">
    <ignored/>
  </testcase> <!-- CreateAddendum -->
  <testcase classname="SSIAgroworlds.TraderPage" name="AddendumDeatailsFilled" time="0.0">
    <ignored/>
  </testcase> <!-- AddendumDeatailsFilled -->
  <testcase classname="SSIAgroworlds.BDMPage" name="addendumTradeApprove" time="0.0">
    <ignored/>
  </testcase> <!-- addendumTradeApprove -->
  <testcase classname="SSIAgroworlds.BDMPage" name="Addendum" time="0.0">
    <ignored/>
  </testcase> <!-- Addendum -->
</testsuite> <!-- Test-3 -->
